<?xml version="1.0" encoding="UTF-8"?>
<testng-results ignored="0" total="1" passed="1" failed="0" skipped="0">
  <reporter-output>
  </reporter-output>
  <suite started-at="2022-05-02T21:24:30 IST" name="Default suite" finished-at="2022-05-02T21:25:01 IST" duration-ms="31175">
    <groups>
    </groups>
    <test started-at="2022-05-02T21:24:30 IST" name="Default test" finished-at="2022-05-02T21:25:01 IST" duration-ms="31175">
      <class name="Scripts.TestCase3">
        <test-method is-config="true" signature="openApp()[pri:0, instance:Scripts.TestCase3@2df9b86]" started-at="2022-05-02T21:24:30 IST" name="openApp" finished-at="2022-05-02T21:24:35 IST" duration-ms="5280" status="PASS">
          <reporter-output>
          </reporter-output>
        </test-method> <!-- openApp -->
        <test-method signature="test1()[pri:0, instance:Scripts.TestCase3@2df9b86]" started-at="2022-05-02T21:24:35 IST" name="test1" finished-at="2022-05-02T21:25:00 IST" duration-ms="25232" status="PASS">
          <reporter-output>
          </reporter-output>
        </test-method> <!-- test1 -->
        <test-method is-config="true" signature="CloseApp(org.testng.ITestResult)[pri:0, instance:Scripts.TestCase3@2df9b86]" started-at="2022-05-02T21:25:00 IST" name="CloseApp" finished-at="2022-05-02T21:25:01 IST" duration-ms="577" status="PASS">
          <params>
            <param index="0">
              <value>
                <![CDATA[[TestResult name=test1 status=SUCCESS method=TestCase3.test1()[pri:0, instance:Scripts.TestCase3@2df9b86] output={null}]]]>
              </value>
            </param>
          </params>
          <reporter-output>
          </reporter-output>
        </test-method> <!-- CloseApp -->
      </class> <!-- Scripts.TestCase3 -->
    </test> <!-- Default test -->
  </suite> <!-- Default suite -->
</testng-results>
